Determining if the pthread_create exist failed with the following output:
Change Dir: /lhome/ngothan/workspace/bitbucket/sensor_simulation/optix_advanced_samples-master/build/CMakeFiles/CMakeTmp

Run Build Command:"/usr/bin/make" "cmTC_ebbb3/fast"
/usr/bin/make -f CMakeFiles/cmTC_ebbb3.dir/build.make CMakeFiles/cmTC_ebbb3.dir/build
make[1]: Entering directory '/lhome/ngothan/workspace/bitbucket/sensor_simulation/optix_advanced_samples-master/build/CMakeFiles/CMakeTmp'
Building C object CMakeFiles/cmTC_ebbb3.dir/CheckSymbolExists.c.o
/usr/bin/cc   -fPIC    -o CMakeFiles/cmTC_ebbb3.dir/CheckSymbolExists.c.o   -c /lhome/ngothan/workspace/bitbucket/sensor_simulation/optix_advanced_samples-master/build/CMakeFiles/CMakeTmp/CheckSymbolExists.c
Linking C executable cmTC_ebbb3
/usr/bin/cmake -E cmake_link_script CMakeFiles/cmTC_ebbb3.dir/link.txt --verbose=1
/usr/bin/cc -fPIC     -rdynamic CMakeFiles/cmTC_ebbb3.dir/CheckSymbolExists.c.o  -o cmTC_ebbb3 
CMakeFiles/cmTC_ebbb3.dir/CheckSymbolExists.c.o: In function `main':
CheckSymbolExists.c:(.text+0x1b): undefined reference to `pthread_create'
collect2: error: ld returned 1 exit status
CMakeFiles/cmTC_ebbb3.dir/build.make:97: recipe for target 'cmTC_ebbb3' failed
make[1]: *** [cmTC_ebbb3] Error 1
make[1]: Leaving directory '/lhome/ngothan/workspace/bitbucket/sensor_simulation/optix_advanced_samples-master/build/CMakeFiles/CMakeTmp'
Makefile:126: recipe for target 'cmTC_ebbb3/fast' failed
make: *** [cmTC_ebbb3/fast] Error 2

File /lhome/ngothan/workspace/bitbucket/sensor_simulation/optix_advanced_samples-master/build/CMakeFiles/CMakeTmp/CheckSymbolExists.c:
/* */
#include <pthread.h>

int main(int argc, char** argv)
{
  (void)argv;
#ifndef pthread_create
  return ((int*)(&pthread_create))[argc];
#else
  (void)argc;
  return 0;
#endif
}

Determining if the function pthread_create exists in the pthreads failed with the following output:
Change Dir: /lhome/ngothan/workspace/bitbucket/sensor_simulation/optix_advanced_samples-master/build/CMakeFiles/CMakeTmp

Run Build Command:"/usr/bin/make" "cmTC_08871/fast"
/usr/bin/make -f CMakeFiles/cmTC_08871.dir/build.make CMakeFiles/cmTC_08871.dir/build
make[1]: Entering directory '/lhome/ngothan/workspace/bitbucket/sensor_simulation/optix_advanced_samples-master/build/CMakeFiles/CMakeTmp'
Building C object CMakeFiles/cmTC_08871.dir/CheckFunctionExists.c.o
/usr/bin/cc   -fPIC -DCHECK_FUNCTION_EXISTS=pthread_create   -o CMakeFiles/cmTC_08871.dir/CheckFunctionExists.c.o   -c /usr/share/cmake-3.10/Modules/CheckFunctionExists.c
Linking C executable cmTC_08871
/usr/bin/cmake -E cmake_link_script CMakeFiles/cmTC_08871.dir/link.txt --verbose=1
/usr/bin/cc -fPIC -DCHECK_FUNCTION_EXISTS=pthread_create    -rdynamic CMakeFiles/cmTC_08871.dir/CheckFunctionExists.c.o  -o cmTC_08871 -lpthreads 
/usr/bin/x86_64-linux-gnu-ld: cannot find -lpthreads
collect2: error: ld returned 1 exit status
CMakeFiles/cmTC_08871.dir/build.make:97: recipe for target 'cmTC_08871' failed
make[1]: *** [cmTC_08871] Error 1
make[1]: Leaving directory '/lhome/ngothan/workspace/bitbucket/sensor_simulation/optix_advanced_samples-master/build/CMakeFiles/CMakeTmp'
Makefile:126: recipe for target 'cmTC_08871/fast' failed
make: *** [cmTC_08871/fast] Error 2


